rm: cannot remove 'test_pb_10/': No such file or directory
/hpc/home/ag437/anaconda/envs/python2/lib/python2.7/site-packages/matplotlib/font_manager.py:1333: UserWarning: findfont: Font family [u'Arial'] not found. Falling back to DejaVu Sans
  (prop.get_family(), self.defaultFamily[fontext]))
inhomogeneity sampling size is 40

Number of floating variables =  4
Free variables ['dwB', 'kexAB', 'R1', 'R2']
Fixed variables ['pB', 'pC', 'dwC', 'kexAC', 'kexBC']
Intensities used for fitting
inhomogeneity
slp 10 hz, inhomo 0.19
slp 50 hz, inhomo 0.05
slp 200 hz, inhomo 0.03
slp 500 hz, inhomo 0.015
slp 1000 hz, inhomo 0.011
slp 4000 hz, inhomo 0.01
CHI2 157073.1844151857 rchi2 301.4840391846175 9 4
Optimal parameters are 
pB 0.003 +/- 0.0
pC 0.000 +/- 0.0
dwB -0.291 +/- 0.114
dwC 0.000 +/- 0.0
kexAB 538.835 +/- 497.334
kexAC -0.000 +/- 0.0
kexBC 0.000 +/- 0.0
R1 7.249 +/- 0.012
R2 20.788 +/- 0.101
END TIME =  1312.56739902
