rm: cannot remove 'test_kex_10/': No such file or directory
/hpc/home/ag437/anaconda/envs/python2/lib/python2.7/site-packages/matplotlib/font_manager.py:1333: UserWarning: findfont: Font family [u'Arial'] not found. Falling back to DejaVu Sans
  (prop.get_family(), self.defaultFamily[fontext]))
inhomogeneity sampling size is 40

Number of floating variables =  5
Free variables ['pB', 'dwB', 'kexAB', 'R1', 'R2']
Fixed variables ['pC', 'dwC', 'kexAC', 'kexBC']
Intensities used for fitting
inhomogeneity
slp 10 hz, inhomo 0.19
slp 50 hz, inhomo 0.05
slp 200 hz, inhomo 0.03
slp 500 hz, inhomo 0.02
slp 1000 hz, inhomo 0.015
slp 4000 hz, inhomo 0.011
CHI2 158994.53325080592 rchi2 305.75871779001136 9 5
Optimal parameters are 
pB 0.005 +/- 0.002
pC 0.000 +/- 0.0
dwB -2.113 +/- 0.870
dwC 0.000 +/- 0.0
kexAB 47995.328 +/- 12564.927
kexAC 0.000 +/- 0.0
kexBC 0.000 +/- 0.0
R1 7.251 +/- 0.012
R2 14.932 +/- 1.209
END TIME =  1078.49580812
