rm: cannot remove 'test_kex_0.33/': No such file or directory
/hpc/home/ag437/anaconda/envs/python2/lib/python2.7/site-packages/matplotlib/font_manager.py:1333: UserWarning: findfont: Font family [u'Arial'] not found. Falling back to DejaVu Sans
  (prop.get_family(), self.defaultFamily[fontext]))
inhomogeneity sampling size is 40

Number of floating variables =  5
Free variables ['pB', 'dwB', 'kexAB', 'R1', 'R2']
Fixed variables ['pC', 'dwC', 'kexAC', 'kexBC']
Intensities used for fitting
inhomogeneity
slp 10 hz, inhomo 0.19
slp 50 hz, inhomo 0.05
slp 200 hz, inhomo 0.03
slp 500 hz, inhomo 0.02
slp 1000 hz, inhomo 0.015
slp 4000 hz, inhomo 0.011
CHI2 143588.05740466662 rchi2 276.1308796243589 9 5
Optimal parameters are 
pB 0.000 +/- 0.000
pC 0.000 +/- 0.0
dwB -2.281 +/- 0.186
dwC -0.000 +/- 0.0
kexAB 1584.813 +/- 806.330
kexAC 0.000 +/- 0.0
kexBC 0.000 +/- 0.0
R1 7.243 +/- 0.011
R2 20.428 +/- 0.141
END TIME =  1069.58726001
