rm: cannot remove 'test_kex_1/': No such file or directory
/hpc/home/ag437/anaconda/envs/python2/lib/python2.7/site-packages/matplotlib/font_manager.py:1333: UserWarning: findfont: Font family [u'Arial'] not found. Falling back to DejaVu Sans
  (prop.get_family(), self.defaultFamily[fontext]))
inhomogeneity sampling size is 40

Number of floating variables =  5
Free variables ['pB', 'dwB', 'kexAB', 'R1', 'R2']
Fixed variables ['pC', 'dwC', 'kexAC', 'kexBC']
Intensities used for fitting
inhomogeneity
slp 10 hz, inhomo 0.19
slp 50 hz, inhomo 0.05
slp 200 hz, inhomo 0.03
slp 500 hz, inhomo 0.02
slp 1000 hz, inhomo 0.015
slp 4000 hz, inhomo 0.011
CHI2 140710.40137828342 rchi2 270.59692572746815 9 5
Optimal parameters are 
pB 0.000 +/- 0.000
pC -0.000 +/- 0.0
dwB -2.120 +/- 0.264
dwC 0.000 +/- 0.0
kexAB 4800.433 +/- 2158.594
kexAC 0.000 +/- 0.0
kexBC 0.000 +/- 0.0
R1 7.248 +/- 0.011
R2 20.141 +/- 0.193
END TIME =  591.187391996
