rm: cannot remove 'test_pb_0.1/': No such file or directory
/hpc/home/ag437/anaconda/envs/python2/lib/python2.7/site-packages/matplotlib/font_manager.py:1333: UserWarning: findfont: Font family [u'Arial'] not found. Falling back to DejaVu Sans
  (prop.get_family(), self.defaultFamily[fontext]))
inhomogeneity sampling size is 40

Number of floating variables =  4
Free variables ['dwB', 'kexAB', 'R1', 'R2']
Fixed variables ['pB', 'pC', 'dwC', 'kexAC', 'kexBC']
Intensities used for fitting
inhomogeneity
slp 10 hz, inhomo 0.19
slp 50 hz, inhomo 0.05
slp 200 hz, inhomo 0.03
slp 500 hz, inhomo 0.015
slp 1000 hz, inhomo 0.011
slp 4000 hz, inhomo 0.01
CHI2 162727.7727070059 rchi2 312.3373756372474 9 4
Optimal parameters are 
pB 0.000 +/- 0.0
pC 0.000 +/- 0.0
dwB -3.000 +/- 2.222
dwC 0.000 +/- 0.0
kexAB 6035.993 +/- 22731.026
kexAC 0.000 +/- 0.0
kexBC 0.000 +/- 0.0
R1 7.250 +/- 0.012
R2 20.710 +/- 0.233
END TIME =  1195.05628896
