/hpc/home/ag437/anaconda/envs/python2/lib/python2.7/site-packages/matplotlib/font_manager.py:1333: UserWarning: findfont: Font family [u'Arial'] not found. Falling back to DejaVu Sans
  (prop.get_family(), self.defaultFamily[fontext]))
inhomogeneity sampling size is 40

Number of floating variables =  5
Free variables ['pB', 'dwB', 'kexAB', 'R1', 'R2']
Fixed variables ['pC', 'dwC', 'kexAC', 'kexBC']
Intensities used for fitting
inhomogeneity
slp 10 hz, inhomo 0.19
slp 50 hz, inhomo 0.05
slp 200 hz, inhomo 0.03
slp 500 hz, inhomo 0.015
slp 1000 hz, inhomo 0.011
slp 4000 hz, inhomo 0.01
CHI2 17163.310287624547 rchi2 33.653549583577544 9 5
Optimal parameters are 
pB 0.016 +/- 0.479
pC 0.000 +/- 0.0
dwB -0.531 +/- 15.531
dwC 0.000 +/- 0.0
kexAB 96314.157 +/- 1048280.387
kexAC -0.000 +/- 0.0
kexBC 0.000 +/- 0.0
R1 12.797 +/- 0.016
R2 25.917 +/- 12.733
END TIME =  1098.91637707
