rm: cannot remove 'test/': No such file or directory
/hpc/home/ag437/anaconda/envs/python2/lib/python2.7/site-packages/matplotlib/font_manager.py:1333: UserWarning: findfont: Font family [u'Arial'] not found. Falling back to DejaVu Sans
  (prop.get_family(), self.defaultFamily[fontext]))
inhomogeneity sampling size is 40

Number of floating variables =  5
Free variables ['pB', 'dwB', 'kexAB', 'R1', 'R2']
Fixed variables ['pC', 'dwC', 'kexAC', 'kexBC']
Intensities used for fitting
inhomogeneity
slp 10 hz, inhomo 0.19
slp 50 hz, inhomo 0.05
slp 100 hz, inhomo 0.03
slp 200 hz, inhomo 0.02
slp 500 hz, inhomo 0.015
slp 1000 hz, inhomo 0.011
slp 4000 hz, inhomo 0.01
CHI2 8974.911568372507 rchi2 18.736767366122145 9 5
Optimal parameters are 
pB 0.196 +/- 4.469
pC 0.000 +/- 0.0
dwB -1.184 +/- 0.055
dwC 0.000 +/- 0.0
kexAB 1.000 +/- 23.125
kexAC 0.000 +/- 0.0
kexBC 0.000 +/- 0.0
R1 15.210 +/- 0.014
R2 33.761 +/- 0.131
END TIME =  1741.36279511
