rm: cannot remove 'test/': No such file or directory
/hpc/home/ag437/anaconda/envs/python2/lib/python2.7/site-packages/matplotlib/font_manager.py:1333: UserWarning: findfont: Font family [u'Arial'] not found. Falling back to DejaVu Sans
  (prop.get_family(), self.defaultFamily[fontext]))
inhomogeneity sampling size is 40

Number of floating variables =  5
Free variables ['pB', 'dwB', 'kexAB', 'R1', 'R2']
Fixed variables ['pC', 'dwC', 'kexAC', 'kexBC']
Intensities used for fitting
inhomogeneity
slp 10 hz, inhomo 0.19
slp 50 hz, inhomo 0.05
slp 200 hz, inhomo 0.03
slp 500 hz, inhomo 0.015
slp 1000 hz, inhomo 0.011
slp 4000 hz, inhomo 0.01
CHI2 3906.035338108951 rchi2 7.9390962156686 9 5
Optimal parameters are 
pB 0.021 +/- 4.556
pC 0.000 +/- 0.0
dwB -0.558 +/- 122.137
dwC -0.000 +/- 0.0
kexAB 267180.100 +/- 36731976.729
kexAC -0.000 +/- 0.0
kexBC -0.000 +/- 0.0
R1 28.123 +/- 0.054
R2 40.093 +/- 71.824
END TIME =  1710.88018179
