rm: cannot remove 'test_kex_10/': No such file or directory
/hpc/home/ag437/anaconda/envs/python2/lib/python2.7/site-packages/matplotlib/font_manager.py:1333: UserWarning: findfont: Font family [u'Arial'] not found. Falling back to DejaVu Sans
  (prop.get_family(), self.defaultFamily[fontext]))
inhomogeneity sampling size is 40

Number of floating variables =  5
Free variables ['pB', 'dwB', 'kexAB', 'R1', 'R2']
Fixed variables ['pC', 'dwC', 'kexAC', 'kexBC']
Intensities used for fitting
inhomogeneity
slp 10 hz, inhomo 0.19
slp 50 hz, inhomo 0.05
slp 200 hz, inhomo 0.03
slp 500 hz, inhomo 0.02
slp 1000 hz, inhomo 0.015
slp 4000 hz, inhomo 0.011
CHI2 3502.768097810945 rchi2 7.207341765043097 9 5
Optimal parameters are 
pB 0.006 +/- 0.004
pC -0.000 +/- 0.0
dwB -3.000 +/- 1.790
dwC 0.000 +/- 0.0
kexAB 44169.495 +/- 15636.110
kexAC -0.000 +/- 0.0
kexBC 0.000 +/- 0.0
R1 31.190 +/- 0.071
R2 30.629 +/- 5.643
END TIME =  863.451288939
