rm: cannot remove 'test/': No such file or directory
/hpc/home/ag437/anaconda/envs/python2/lib/python2.7/site-packages/matplotlib/font_manager.py:1333: UserWarning: findfont: Font family [u'Arial'] not found. Falling back to DejaVu Sans
  (prop.get_family(), self.defaultFamily[fontext]))
inhomogeneity sampling size is 40

Number of floating variables =  5
Free variables ['pB', 'dwB', 'kexAB', 'R1', 'R2']
Fixed variables ['pC', 'dwC', 'kexAC', 'kexBC']
Intensities used for fitting
inhomogeneity
slp 10 hz, inhomo 0.19
slp 50 hz, inhomo 0.05
slp 200 hz, inhomo 0.03
slp 500 hz, inhomo 0.015
slp 1000 hz, inhomo 0.011
slp 4000 hz, inhomo 0.01
CHI2 3014.487403872689 rchi2 6.2026489791619115 9 5
Optimal parameters are 
pB 0.002 +/- 0.000
pC -0.000 +/- 0.0
dwB -2.729 +/- 0.168
dwC 0.000 +/- 0.0
kexAB 4417.050 +/- 1044.804
kexAC 0.000 +/- 0.0
kexBC -0.000 +/- 0.0
R1 31.091 +/- 0.066
R2 37.975 +/- 1.070
END TIME =  788.176255941
