rm: cannot remove 'test_dw_2/': No such file or directory
/hpc/home/ag437/anaconda/envs/python2/lib/python2.7/site-packages/matplotlib/font_manager.py:1333: UserWarning: findfont: Font family [u'Arial'] not found. Falling back to DejaVu Sans
  (prop.get_family(), self.defaultFamily[fontext]))
inhomogeneity sampling size is 40

Number of floating variables =  4
Free variables ['pB', 'kexAB', 'R1', 'R2']
Fixed variables ['pC', 'dwB', 'dwC', 'kexAC', 'kexBC']
Intensities used for fitting
inhomogeneity
slp 10 hz, inhomo 0.19
slp 50 hz, inhomo 0.05
slp 200 hz, inhomo 0.03
slp 500 hz, inhomo 0.02
slp 1000 hz, inhomo 0.015
slp 4000 hz, inhomo 0.011
CHI2 5615.50959293089 rchi2 11.530820519365276 9 4
Optimal parameters are 
pB 0.053 +/- 0.093
pC 0.000 +/- 0.0
dwB 2.000 +/- 0.0
dwC 0.000 +/- 0.0
kexAB 50770.820 +/- 35847.989
kexAC -0.000 +/- 0.0
kexBC 0.000 +/- 0.0
R1 30.000 +/- 0.089
R2 1.015 +/- 54.873
END TIME =  740.227893829
