rm: cannot remove 'test_pb_1/': No such file or directory
/hpc/home/ag437/anaconda/envs/python2/lib/python2.7/site-packages/matplotlib/font_manager.py:1333: UserWarning: findfont: Font family [u'Arial'] not found. Falling back to DejaVu Sans
  (prop.get_family(), self.defaultFamily[fontext]))
inhomogeneity sampling size is 40

Number of floating variables =  4
Free variables ['dwB', 'kexAB', 'R1', 'R2']
Fixed variables ['pB', 'pC', 'dwC', 'kexAC', 'kexBC']
Intensities used for fitting
inhomogeneity
slp 10 hz, inhomo 0.19
slp 50 hz, inhomo 0.05
slp 200 hz, inhomo 0.03
slp 500 hz, inhomo 0.015
slp 1000 hz, inhomo 0.011
slp 4000 hz, inhomo 0.01
CHI2 4891.012700774357 rchi2 10.043147229516133 9 4
Optimal parameters are 
pB 0.002 +/- 0.0
pC 0.000 +/- 0.0
dwB -3.000 +/- 0.182
dwC -0.000 +/- 0.0
kexAB 3774.590 +/- 1091.332
kexAC -0.000 +/- 0.0
kexBC -0.000 +/- 0.0
R1 30.000 +/- 0.078
R2 41.610 +/- 1.417
END TIME =  698.861921072
