rm: cannot remove 'test/': No such file or directory
/hpc/home/ag437/anaconda/envs/python2/lib/python2.7/site-packages/matplotlib/font_manager.py:1333: UserWarning: findfont: Font family [u'Arial'] not found. Falling back to DejaVu Sans
  (prop.get_family(), self.defaultFamily[fontext]))
inhomogeneity sampling size is 40

Number of floating variables =  5
Free variables ['pB', 'dwB', 'kexAB', 'R1', 'R2']
Fixed variables ['pC', 'dwC', 'kexAC', 'kexBC']
Intensities used for fitting
inhomogeneity
slp 10 hz, inhomo 0.19
slp 50 hz, inhomo 0.05
slp 100 hz, inhomo 0.03
slp 200 hz, inhomo 0.02
slp 500 hz, inhomo 0.015
slp 1000 hz, inhomo 0.011
slp 4000 hz, inhomo 0.01
CHI2 7311.144318252753 rchi2 14.681012687254524 9 5
Optimal parameters are 
pB 0.048 +/- 3.683
pC -0.000 +/- 0.0
dwB -1.194 +/- 0.124
dwC 0.000 +/- 0.0
kexAB 1.000 +/- 77.150
kexAC 0.000 +/- 0.0
kexBC -0.000 +/- 0.0
R1 7.961 +/- 0.011
R2 26.176 +/- 0.177
END TIME =  1116.84276605
