rm: cannot remove 'test/': No such file or directory
/hpc/home/ag437/anaconda/envs/python2/lib/python2.7/site-packages/matplotlib/font_manager.py:1333: UserWarning: findfont: Font family [u'Arial'] not found. Falling back to DejaVu Sans
  (prop.get_family(), self.defaultFamily[fontext]))
inhomogeneity sampling size is 40

Number of floating variables =  2
Free variables ['R1', 'R2']
Fixed variables ['pB', 'pC', 'dwB', 'dwC', 'kexAB', 'kexAC', 'kexBC']
Intensities used for fitting
inhomogeneity
slp 10 hz, inhomo 0.19
slp 50 hz, inhomo 0.05
slp 100 hz, inhomo 0.03
slp 200 hz, inhomo 0.02
slp 500 hz, inhomo 0.015
slp 1000 hz, inhomo 0.011
slp 4000 hz, inhomo 0.01
CHI2 1740.1829925004513 rchi2 3.595419405992668 9 2
Optimal parameters are 
pB 0.000 +/- 0.0
pC -0.000 +/- 0.0
dwB -0.000 +/- 0.0
dwC 0.000 +/- 0.0
kexAB 0.000 +/- 0.0
kexAC 0.000 +/- 0.0
kexBC 0.000 +/- 0.0
R1 14.971 +/- 0.012
R2 33.024 +/- 0.201
END TIME =  1402.47475481
