rm: cannot remove 'test/': No such file or directory
/hpc/home/ag437/anaconda/envs/python2/lib/python2.7/site-packages/matplotlib/font_manager.py:1333: UserWarning: findfont: Font family [u'Arial'] not found. Falling back to DejaVu Sans
  (prop.get_family(), self.defaultFamily[fontext]))
inhomogeneity sampling size is 40

Number of floating variables =  2
Free variables ['R1', 'R2']
Fixed variables ['pB', 'pC', 'dwB', 'dwC', 'kexAB', 'kexAC', 'kexBC']
Intensities used for fitting
inhomogeneity
slp 10 hz, inhomo 0.268
slp 50 hz, inhomo 0.075
slp 100 hz, inhomo 0.063
slp 500 hz, inhomo 0.048
slp 1000 hz, inhomo 0.048
CHI2 3770.6861181290865 rchi2 9.9753601008706 9 2
Optimal parameters are 
pB -0.000 +/- 0.0
pC 0.000 +/- 0.0
dwB 0.000 +/- 0.0
dwC -0.000 +/- 0.0
kexAB -0.000 +/- 0.0
kexAC -0.000 +/- 0.0
kexBC 0.000 +/- 0.0
R1 60.000 +/- 0.236
R2 88.583 +/- 2.895
END TIME =  4784.27313399
