rm: cannot remove 'test_glob/': No such file or directory
/hpc/home/ag437/anaconda/envs/python2/lib/python2.7/site-packages/matplotlib/font_manager.py:1333: UserWarning: findfont: Font family [u'Arial'] not found. Falling back to DejaVu Sans
  (prop.get_family(), self.defaultFamily[fontext]))
inhomogeneity sampling size is 40

Number of floating variables =  5
Free variables ['pB', 'dwB', 'kexAB', 'R1', 'R2']
Fixed variables ['pC', 'dwC', 'kexAC', 'kexBC']
Intensities used for fitting
inhomogeneity
slp 10 hz, inhomo 0.268
slp 50 hz, inhomo 0.075
slp 100 hz, inhomo 0.063
slp 500 hz, inhomo 0.048
slp 1000 hz, inhomo 0.048

inhomogeneity sampling size is 40

Number of floating variables =  5
Free variables ['pB', 'dwB', 'kexAB', 'R1', 'R2']
Fixed variables ['pC', 'dwC', 'kexAC', 'kexBC']
Intensities used for fitting
inhomogeneity
slp 10 hz, inhomo 0.268
slp 50 hz, inhomo 0.075
slp 100 hz, inhomo 0.063
slp 500 hz, inhomo 0.048
slp 1000 hz, inhomo 0.048
Shared parameters  ['pB', 'kexAB']
CHI2 4789.066715009997 rchi2 6.243894022177311 8 2
pB 0.17927 +- 0.12731
pC 0.00000 +- 0.00000
dwB 2.93003 +- 0.00424
dwC -0.00000 +- 0.00000
kexAB 266.99433 +- 18.47940
kexAC 0.00000 +- 0.00000
kexBC -0.00000 +- 0.00000
R1 19.42012 +- 0.03445
R2 41.54464 +- 1.34136

pB 0.17927 +- 0.12731
pC -0.00000 +- 0.00000
dwB -0.27208 +- 0.00368
dwC -0.00000 +- 0.00000
kexAB 266.99433 +- 18.47940
kexAC -0.00000 +- 0.00000
kexBC 0.00000 +- 0.00000
R1 17.27489 +- 0.02506
R2 40.92537 +- 0.57418

END TIME =  4150.97378206
