rm: cannot remove 'test_kex_10/': No such file or directory
/hpc/home/ag437/anaconda/envs/python2/lib/python2.7/site-packages/matplotlib/font_manager.py:1333: UserWarning: findfont: Font family [u'Arial'] not found. Falling back to DejaVu Sans
  (prop.get_family(), self.defaultFamily[fontext]))
inhomogeneity sampling size is 40

Number of floating variables =  5
Free variables ['pB', 'dwB', 'kexAB', 'R1', 'R2']
Fixed variables ['pC', 'dwC', 'kexAC', 'kexBC']
Intensities used for fitting
inhomogeneity
slp 10 hz, inhomo 0.19
slp 50 hz, inhomo 0.05
slp 100 hz, inhomo 0.03
slp 200 hz, inhomo 0.02
slp 500 hz, inhomo 0.015
slp 1000 hz, inhomo 0.011
slp 4000 hz, inhomo 0.01
CHI2 1716.090437118081 rchi2 3.567755586524077 9 5
Optimal parameters are 
pB 0.040 +/- 0.309
pC 0.000 +/- 0.0
dwB 0.150 +/- 0.548
dwC 0.000 +/- 0.0
kexAB 7298.257 +/- 5819.659
kexAC 0.000 +/- 0.0
kexBC 0.000 +/- 0.0
R1 14.972 +/- 0.012
R2 32.067 +/- 0.790
END TIME =  537.329704046
