rm: cannot remove 'test_kex_3/': No such file or directory
/hpc/home/ag437/anaconda/envs/python2/lib/python2.7/site-packages/matplotlib/font_manager.py:1333: UserWarning: findfont: Font family [u'Arial'] not found. Falling back to DejaVu Sans
  (prop.get_family(), self.defaultFamily[fontext]))
inhomogeneity sampling size is 40

Number of floating variables =  5
Free variables ['pB', 'dwB', 'kexAB', 'R1', 'R2']
Fixed variables ['pC', 'dwC', 'kexAC', 'kexBC']
Intensities used for fitting
inhomogeneity
slp 10 hz, inhomo 0.19
slp 50 hz, inhomo 0.05
slp 100 hz, inhomo 0.03
slp 200 hz, inhomo 0.02
slp 500 hz, inhomo 0.015
slp 1000 hz, inhomo 0.011
slp 4000 hz, inhomo 0.01
CHI2 1695.3342286516777 rchi2 3.5246033859702237 9 5
Optimal parameters are 
pB 0.002 +/- 0.001
pC 0.000 +/- 0.0
dwB 0.511 +/- 0.205
dwC 0.000 +/- 0.0
kexAB 2188.751 +/- 1315.561
kexAC -0.000 +/- 0.0
kexBC -0.000 +/- 0.0
R1 14.971 +/- 0.012
R2 32.432 +/- 0.331
END TIME =  418.568482161
