rm: cannot remove 'test/': No such file or directory
/hpc/home/ag437/anaconda/envs/python2/lib/python2.7/site-packages/matplotlib/font_manager.py:1333: UserWarning: findfont: Font family [u'Arial'] not found. Falling back to DejaVu Sans
  (prop.get_family(), self.defaultFamily[fontext]))
inhomogeneity sampling size is 40

Number of floating variables =  5
Free variables ['pB', 'dwB', 'kexAB', 'R1', 'R2']
Fixed variables ['pC', 'dwC', 'kexAC', 'kexBC']
Intensities used for fitting
inhomogeneity
slp 10 hz, inhomo 0.19
slp 50 hz, inhomo 0.05
slp 100 hz, inhomo 0.03
slp 200 hz, inhomo 0.02
slp 500 hz, inhomo 0.015
slp 1000 hz, inhomo 0.011
slp 4000 hz, inhomo 0.01
CHI2 407526.071991329 rchi2 672.4852673124242 9 5
Optimal parameters are 
pB 0.000 +/- 0.076
pC -0.000 +/- 0.0
dwB -2.190 +/- 87.877
dwC 0.000 +/- 0.0
kexAB 1.000 +/- 368.773
kexAC 0.000 +/- 0.0
kexBC 0.000 +/- 0.0
R1 5.258 +/- 0.010
R2 18.123 +/- 0.196
END TIME =  758.896946907
