rm: cannot remove 'test/': No such file or directory
/hpc/home/ag437/anaconda/envs/python2/lib/python2.7/site-packages/matplotlib/font_manager.py:1333: UserWarning: findfont: Font family [u'Arial'] not found. Falling back to DejaVu Sans
  (prop.get_family(), self.defaultFamily[fontext]))
inhomogeneity sampling size is 40

Number of floating variables =  5
Free variables ['pB', 'dwB', 'kexAB', 'R1', 'R2']
Fixed variables ['pC', 'dwC', 'kexAC', 'kexBC']
Intensities used for fitting
inhomogeneity
slp 10 hz, inhomo 0.268
slp 50 hz, inhomo 0.075
slp 100 hz, inhomo 0.063
slp 500 hz, inhomo 0.048
slp 1000 hz, inhomo 0.048
CHI2 1279.9373385227966 rchi2 3.2240235227274474 9 5
Optimal parameters are 
pB 0.001 +/- 0.000
pC -0.000 +/- 0.0
dwB 3.928 +/- 0.401
dwC 0.000 +/- 0.0
kexAB 7780.741 +/- 3171.657
kexAC 0.000 +/- 0.0
kexBC 0.000 +/- 0.0
R1 31.561 +/- 0.046
R2 47.616 +/- 2.548
END TIME =  673.789978027
